<?xml version="1.0" encoding="UTF-8"?>
<testng-results skipped="0" failed="0" total="1" passed="1">
  <reporter-output>
  </reporter-output>
  <suite name="Default suite" duration-ms="20165" started-at="2017-10-25T18:41:03Z" finished-at="2017-10-25T18:41:23Z">
    <groups>
    </groups>
    <test name="Default test" duration-ms="20165" started-at="2017-10-25T18:41:03Z" finished-at="2017-10-25T18:41:23Z">
      <class name="Test.ForLearningGitHub.implementListner">
        <test-method status="PASS" signature="test1()[pri:0, instance:Test.ForLearningGitHub.implementListner@4b9e13df]" name="test1" duration-ms="20114" started-at="2017-10-25T11:41:03Z" finished-at="2017-10-25T11:41:23Z">
          <reporter-output>
          </reporter-output>
        </test-method> <!-- test1 -->
      </class> <!-- Test.ForLearningGitHub.implementListner -->
    </test> <!-- Default test -->
  </suite> <!-- Default suite -->
</testng-results>
